<?xml version="1.0" encoding="UTF-8"?>
<testsuite xmlns:xsi="http://www.w3.org/2001/XMLSchema-instance" xsi:noNamespaceSchemaLocation="https://maven.apache.org/surefire/maven-surefire-plugin/xsd/surefire-test-report-3.0.xsd" version="3.0" name="runner.TestRunner" time="14.288" tests="1" errors="0" skipped="0" failures="0">
  <properties>
[...]
</properties>
  <testcase name="runScenario[&quot;Visit the NBA Team Homepage&quot;, &quot;Optional[Visit NBA Team Homepages]&quot;](1)" classname="runner.TestRunner" time="12.983">
    <system-out><![CDATA[
Scenario Outline: Visit the NBA Team Homepage             # src/test/resources/features/WarriorsHomepage.feature:11
browser Name== edge
driver details = EdgeDriver: msedge on WINDOWS (973989370fbca82726773bcc5a78a35f)
  Given I am on the website "https://www.nba.com/sixers/" # stepDef.HomePageSteps.i_am_on_the_NBA_Warriors_website(java.lang.String)
  When I view the homepage                                # stepDef.HomePageSteps.i_view_the_homepage()
  Then I should see the team logo                         # stepDef.HomePageSteps.i_should_see_the_Warriors_logo()
]]></system-out>
    <system-err><![CDATA[SLF4J: No SLF4J providers were found.
SLF4J: Defaulting to no-operation (NOP) logger implementation
SLF4J: See https://www.slf4j.org/codes.html#noProviders for further details.
Starting Microsoft Edge WebDriver 119.0.2151.44 (44557a29097af522913330e5b41f74810bdfb1a2) on port 64847
To submit feedback, report a bug, or suggest new features, please visit https://github.com/MicrosoftEdge/EdgeWebDriver

Only local connections are allowed.
Please see https://aka.ms/WebDriverSecurity for suggestions on keeping Microsoft Edge WebDriver safe.

Microsoft Edge WebDriver was started successfully.
Nov 05, 2023 12:19:12 AM org.openqa.selenium.remote.ProtocolHandshake createSession
INFO: Detected dialect: W3C
Nov 05, 2023 12:19:12 AM org.openqa.selenium.devtools.CdpVersionFinder findNearestMatch
WARNING: Unable to find an exact match for CDP version 119, so returning the closest version found: a no-op implementation
Nov 05, 2023 12:19:12 AM org.openqa.selenium.devtools.CdpVersionFinder findNearestMatch
INFO: Unable to find CDP implementation matching 119.
Nov 05, 2023 12:19:12 AM org.openqa.selenium.chromium.ChromiumDriver lambda$new$3
WARNING: Unable to find version of CDP to use for . You may need to include a dependency on a specific version of the CDP using something similar to `org.seleniumhq.selenium:selenium-devtools-v86:4.1.0` where the version ("v86") matches the version of the chromium-based browser you're using and the version number of the artifact is the same as Selenium's.
]]></system-err>
  </testcase>
</testsuite>