<?xml version="1.0" encoding="UTF-8"?>
<testng-results ignored="0" total="1" passed="1" failed="0" skipped="0">
  <reporter-output>
  </reporter-output>
  <suite started-at="2023-11-05T17:02:24 IST" name="Surefire suite" finished-at="2023-11-05T17:02:46 IST" duration-ms="22437">
    <groups>
      <group name="cucumber">
        <method signature="AbstractTestNGCucumberTests.runScenario(io.cucumber.testng.PickleWrapper,io.cucumber.testng.FeatureWrapper)[pri:0, instance:runner.TestRunner@43301423]" name="runScenario" class="io.cucumber.testng.AbstractTestNGCucumberTests"/>
      </group> <!-- cucumber -->
    </groups>
    <test started-at="2023-11-05T17:02:24 IST" name="Surefire test" finished-at="2023-11-05T17:02:46 IST" duration-ms="22437">
      <class name="runner.TestRunner">
        <test-method is-config="true" signature="setUpClass(org.testng.ITestContext)[pri:0, instance:runner.TestRunner@43301423]" started-at="2023-11-05T17:02:24 IST" name="setUpClass" finished-at="2023-11-05T17:02:24 IST" duration-ms="514" status="PASS">
          <params>
            <param index="0">
              <value>
                <![CDATA[org.testng.TestRunner@c00fff0]]>
              </value>
            </param>
          </params>
          <reporter-output>
          </reporter-output>
        </test-method> <!-- setUpClass -->
        <test-method signature="runScenario(io.cucumber.testng.PickleWrapper,io.cucumber.testng.FeatureWrapper)[pri:0, instance:runner.TestRunner@43301423]" started-at="2023-11-05T17:02:24 IST" name="runScenario" description="Runs Cucumber Scenarios" data-provider="scenarios" finished-at="2023-11-05T17:02:46 IST" duration-ms="21533" status="PASS">
          <params>
            <param index="0">
              <value>
                <![CDATA["Count total number of Video Feeds and those with duration >= 3 days"]]>
              </value>
            </param>
            <param index="1">
              <value>
                <![CDATA["Optional[Count Video Feeds on CP Home Page]"]]>
              </value>
            </param>
          </params>
          <reporter-output>
          </reporter-output>
        </test-method> <!-- runScenario -->
        <test-method is-config="true" signature="tearDownClass()[pri:0, instance:runner.TestRunner@43301423]" started-at="2023-11-05T17:02:46 IST" name="tearDownClass" finished-at="2023-11-05T17:02:46 IST" duration-ms="360" status="PASS">
          <reporter-output>
          </reporter-output>
        </test-method> <!-- tearDownClass -->
      </class> <!-- runner.TestRunner -->
    </test> <!-- Surefire test -->
  </suite> <!-- Surefire suite -->
</testng-results>
