<?xml version="1.0" encoding="UTF-8"?>
<!-- Generated by org.testng.reporters.JUnitXMLReporter -->
<testsuite ignored="0" hostname="LAPTOP-ED3B4Q90" failures="1" tests="1" name="Default test" time="21.459" errors="0" timestamp="2023-11-05T22:45:06 IST">
  <testcase classname="io.cucumber.testng.AbstractTestNGCucumberTests" name="runScenario" time="20.166">
    <failure type="java.lang.AssertionError" message="Expected No Duplicate Links but Found Duplicate links[https://www.nba.com/accessibility]">
      <![CDATA[java.lang.AssertionError: Expected No Duplicate Links but Found Duplicate links[https://www.nba.com/accessibility]
at pages.DerivedProduct2.reportDuplicateHyperlinks(DerivedProduct2.java:70)
at stepDef.DerivedProduct2_Steps.i_report_duplicate_hyperlinks(DerivedProduct2_Steps.java:56)
at ✽.I report if any duplicate hyperlinks are present(file:///D:/Technology/shiva/framework/shiva.assessment/derived-product2-tests/src/test/resources/features/TestCase4_DP2.feature:11)
]]>
    </failure>
  </testcase> <!-- runScenario -->
</testsuite> <!-- Default test -->
