<?xml version="1.0" encoding="UTF-8"?>
<testng-results ignored="0" total="1" passed="1" failed="0" skipped="0">
  <reporter-output>
  </reporter-output>
  <suite started-at="2023-11-04T14:39:21 IST" name="Default suite" finished-at="2023-11-04T14:39:36 IST" duration-ms="14064">
    <groups>
      <group name="cucumber">
        <method signature="AbstractTestNGCucumberTests.runScenario(io.cucumber.testng.PickleWrapper,io.cucumber.testng.FeatureWrapper)[pri:0, instance:runner.TestRunner@57a3af25]" name="runScenario" class="io.cucumber.testng.AbstractTestNGCucumberTests"/>
      </group> <!-- cucumber -->
    </groups>
    <test started-at="2023-11-04T14:39:21 IST" name="Default test" finished-at="2023-11-04T14:39:36 IST" duration-ms="14064">
      <class name="runner.TestRunner">
        <test-method is-config="true" signature="setUpClass(org.testng.ITestContext)[pri:0, instance:runner.TestRunner@57a3af25]" started-at="2023-11-04T14:39:22 IST" name="setUpClass" finished-at="2023-11-04T14:39:22 IST" duration-ms="343" status="PASS">
          <params>
            <param index="0">
              <value>
                <![CDATA[org.testng.TestRunner@1bb564e2]]>
              </value>
            </param>
          </params>
          <reporter-output>
          </reporter-output>
        </test-method> <!-- setUpClass -->
        <test-method signature="runScenario(io.cucumber.testng.PickleWrapper,io.cucumber.testng.FeatureWrapper)[pri:0, instance:runner.TestRunner@57a3af25]" started-at="2023-11-04T14:39:22 IST" name="runScenario" description="Runs Cucumber Scenarios" data-provider="scenarios" finished-at="2023-11-04T14:39:36 IST" duration-ms="13674" status="PASS">
          <params>
            <param index="0">
              <value>
                <![CDATA["Visit the NBA Team Homepage"]]>
              </value>
            </param>
            <param index="1">
              <value>
                <![CDATA["Optional[Visit NBA Team Homepages]"]]>
              </value>
            </param>
          </params>
          <reporter-output>
          </reporter-output>
        </test-method> <!-- runScenario -->
        <test-method is-config="true" signature="tearDownClass()[pri:0, instance:runner.TestRunner@57a3af25]" started-at="2023-11-04T14:39:36 IST" name="tearDownClass" finished-at="2023-11-04T14:39:36 IST" duration-ms="20" status="PASS">
          <reporter-output>
          </reporter-output>
        </test-method> <!-- tearDownClass -->
      </class> <!-- runner.TestRunner -->
    </test> <!-- Default test -->
  </suite> <!-- Default suite -->
</testng-results>
