<?xml version="1.0" encoding="UTF-8"?>
<!-- Generated by org.testng.reporters.JUnitReportReporter -->
<testsuite hostname="LAPTOP-ED3B4Q90" failures="1" tests="1" name="runner.TestRunner" time="20.166" errors="0" timestamp="2023-11-05T22:45:06 IST" skipped="0">
  <testcase classname="runner.TestRunner" name="runScenario" time="20.166">
    <failure message="Expected No Duplicate Links but Found Duplicate links[https://www.nba.com/accessibility]" type="java.lang.AssertionError">
      <![CDATA[java.lang.AssertionError: Expected No Duplicate Links but Found Duplicate links[https://www.nba.com/accessibility]
at pages.DerivedProduct2.reportDuplicateHyperlinks(DerivedProduct2.java:70)
at stepDef.DerivedProduct2_Steps.i_report_duplicate_hyperlinks(DerivedProduct2_Steps.java:56)
at ✽.I report if any duplicate hyperlinks are present(file:///D:/Technology/shiva/framework/shiva.assessment/derived-product2-tests/src/test/resources/features/TestCase4_DP2.feature:11)
]]>
    </failure>
  </testcase> <!-- runScenario -->
  <system-out/>
</testsuite> <!-- runner.TestRunner -->
